\BOOKMARK [-2][]{sysuchapter.1.-2}{\376\377\116\055\134\161\131\047\133\146\170\024\172\166\165\037\133\146\117\115\213\272\145\207\000\040\000L\000a\000T\000e\000X\000\040\152\041\147\177}{}% 1
\BOOKMARK [-1][]{sysuchapter.2.-1}{\376\377\116\055\134\161\131\047\133\146\170\024\172\166\165\037\133\146\117\115\213\272\145\207\000\040\000L\000a\000T\000e\000X\000\040\152\041\147\177}{sysuchapter.1.-2}% 2
\BOOKMARK [0][]{sysuchapter.3.0}{\376\377\130\360\146\016}{sysuchapter.2.-1}% 3
\BOOKMARK [0][]{section*.6}{\376\377\144\130\211\201}{sysuchapter.2.-1}% 4
\BOOKMARK [0][]{section*.8}{\376\377\000A\000B\000S\000T\000R\000A\000C\000T}{sysuchapter.2.-1}% 5
\BOOKMARK [0][]{section*.10}{\376\377\166\356\137\125}{sysuchapter.2.-1}% 6
\BOOKMARK [0][]{section*.12}{\376\377\173\046\123\367\124\214\177\051\165\145\213\355\213\364\146\016}{sysuchapter.2.-1}% 7
\BOOKMARK [0][]{chapter.1}{\376\377\173\054\116\000\172\340\000\040\176\352\213\272}{sysuchapter.2.-1}% 8
\BOOKMARK [1][-]{section.1.1}{\376\377\0001\000.\0001\000\040\170\024\172\166\200\314\146\157\124\214\141\017\116\111}{chapter.1}% 9
\BOOKMARK [1][-]{section.1.2}{\376\377\0001\000.\0002\000\040\126\375\121\205\131\026\170\024\172\166\163\260\162\266}{chapter.1}% 10
\BOOKMARK [2][-]{subsection.1.2.1}{\376\377\0001\000.\0002\000.\0001\000\040\224\376\116\012\211\343\121\263\145\271\150\110}{section.1.2}% 11
\BOOKMARK [3][-]{subsubsection.1.2.1.1}{\376\377\0001\000.\0002\000.\0001\000.\0001\000\040\140\262\211\302\225\001\211\343\121\263\145\271\150\110}{subsection.1.2.1}% 12
\BOOKMARK [3][-]{subsubsection.1.2.1.2}{\376\377\0001\000.\0002\000.\0001\000.\0002\000\040\116\120\211\302\225\001\211\343\121\263\145\271\150\110}{subsection.1.2.1}% 13
\BOOKMARK [2][-]{subsection.1.2.2}{\376\377\0001\000.\0002\000.\0002\000\040\224\376\116\013\211\343\121\263\145\271\150\110}{section.1.2}% 14
\BOOKMARK [3][-]{subsubsection.1.2.2.1}{\376\377\0001\000.\0002\000.\0002\000.\0001\000\040\140\262\211\302\224\376\116\013\142\151\133\271}{subsection.1.2.2}% 15
\BOOKMARK [3][-]{subsubsection.1.2.2.2}{\376\377\0001\000.\0002\000.\0002\000.\0002\000\040\116\120\211\302\224\376\116\013\142\151\133\271}{subsection.1.2.2}% 16
\BOOKMARK [1][-]{section.1.3}{\376\377\0001\000.\0003\000\040\170\024\172\166\121\205\133\271\116\016\122\033\145\260\160\271}{chapter.1}% 17
\BOOKMARK [1][-]{section.1.4}{\376\377\0001\000.\0004\000\040\213\272\145\207\176\304\176\307\147\266\147\204}{chapter.1}% 18
\BOOKMARK [0][]{chapter.2}{\376\377\173\054\116\214\172\340\000\040\200\314\146\157\167\345\213\306\116\313\176\315}{sysuchapter.2.-1}% 19
\BOOKMARK [1][-]{section.2.1}{\376\377\0002\000.\0001\000\040\123\072\127\127\224\376}{chapter.2}% 20
\BOOKMARK [1][-]{section.2.2}{\376\377\0002\000.\0002\000\040\146\172\200\375\124\010\176\246\136\166\210\114\142\147\210\114\142\200\147\057}{chapter.2}% 21
\BOOKMARK [1][-]{section.2.3}{\376\377\0002\000.\0003\000\040\224\376\116\013\142\151\133\271\142\200\147\057}{chapter.2}% 22
\BOOKMARK [2][-]{subsection.2.3.1}{\376\377\0002\000.\0003\000.\0001\000\040\155\113\213\325\166\356\137\125}{section.2.3}% 23
\BOOKMARK [1][-]{section.2.4}{\376\377\0002\000.\0004\000\040\116\073\117\123\220\350\122\006}{chapter.2}% 24
\BOOKMARK [0][]{chapter.3}{\376\377\173\054\116\011\172\340\000\040\146\172\200\375\124\010\176\246\136\166\210\114\142\147\210\114\145\271\150\110}{sysuchapter.2.-1}% 25
\BOOKMARK [0][]{chapter.4}{\376\377\173\054\126\333\172\340\000\040\224\376\116\012\224\376\116\013\123\117\124\014\147\072\122\066\145\271\150\110}{sysuchapter.2.-1}% 26
\BOOKMARK [1][-]{section.4.1}{\376\377\0004\000.\0001\000\040\145\160\133\146\173\046\123\367}{chapter.4}% 27
\BOOKMARK [1][-]{section.4.2}{\376\377\0004\000.\0002\000\040\145\160\133\146\121\154\137\017}{chapter.4}% 28
\BOOKMARK [1][-]{section.4.3}{\376\377\0004\000.\0003\000\040\145\160\133\146\133\232\164\006}{chapter.4}% 29
\BOOKMARK [0][]{chapter.5}{\376\377\173\054\116\224\172\340\000\040\140\073\176\323\116\016\134\125\147\033}{sysuchapter.2.-1}% 30
\BOOKMARK [1][-]{section.5.1}{\376\377\0005\000.\0001\000\040\143\322\126\376}{chapter.5}% 31
\BOOKMARK [1][-]{section.5.2}{\376\377\0005\000.\0002\000\040\210\150\150\074}{chapter.5}% 32
\BOOKMARK [0][]{chapter.6}{\376\377\173\054\121\155\172\340\000\040\000L\000a\000T\000e\000X\000\040\152\041\147\177\117\177\165\050\143\007\123\127}{sysuchapter.2.-1}% 33
\BOOKMARK [1][-]{section.6.1}{\376\377\0006\000.\0001\000\040\163\257\130\203\221\115\177\156}{chapter.6}% 34
\BOOKMARK [1][-]{section.6.2}{\376\377\0006\000.\0002\000\040\177\026\217\221\145\207\116\366}{chapter.6}% 35
\BOOKMARK [1][-]{section.6.3}{\376\377\0006\000.\0003\000\040\177\026\213\321\145\207\150\143}{chapter.6}% 36
\BOOKMARK [0][]{appendix.A}{\376\377\226\104\137\125\000\040\000A\000\040\210\145\121\105\121\205\133\271}{sysuchapter.2.-1}% 37
\BOOKMARK [1][-]{section.A.1}{\376\377\000A\000.\0001\000\040\126\376\210\150\171\072\117\213}{appendix.A}% 38
\BOOKMARK [2][-]{subsection.A.1.1}{\376\377\000A\000.\0001\000.\0001\000\040\126\376}{section.A.1}% 39
\BOOKMARK [2][-]{subsection.A.1.2}{\376\377\000A\000.\0001\000.\0002\000\040\210\150\150\074}{section.A.1}% 40
\BOOKMARK [1][-]{section.A.2}{\376\377\000A\000.\0002\000\040\145\160\133\146\121\154\137\017}{appendix.A}% 41
\BOOKMARK [0][]{section*.21}{\376\377\127\050\133\146\147\037\225\364\133\214\142\020\166\204\166\370\121\163\133\146\147\057\142\020\147\234}{sysuchapter.2.-1}% 42
\BOOKMARK [0][]{section*.25}{\376\377\201\364\214\042}{sysuchapter.2.-1}% 43
